DATE: 10-05-14 2014 08:23:14 AM UTC
IP:   50.22.11.20
AUTH: {"0":"mv_ubersuperswag_7","auth":"mv","1":"mv","hash":"ubersuperswag","2":"ubersuperswag","id":"7","3":"7"}
GET:  {"auth":"mv_ubersuperswag_7"}
POST: []
********************************************
DATE: 10-05-14 2014 02:22:07 PM UTC
IP:   54.161.11.73
AUTH: {"0":"mv_ubersuperswag_8","auth":"mv","1":"mv","hash":"ubersuperswag","2":"ubersuperswag","id":"8","3":"8"}
GET:  {"auth":"mv_ubersuperswag_8"}
POST: []
********************************************
DATE: 10-05-14 2014 02:23:11 PM UTC
IP:   192.99.101.31
AUTH: {"0":"mv_ubersuperswag_9","auth":"mv","1":"mv","hash":"ubersuperswag","2":"ubersuperswag","id":"9","3":"9"}
GET:  {"auth":"","p_resp":"mv_ubersuperswag_9"}
POST: []
********************************************
DATE: 10-07-14 2014 10:43:26 AM UTC
IP:   69.65.40.220
AUTH: {"0":"mv_ubersuperswag_10","auth":"mv","1":"mv","hash":"ubersuperswag","2":"ubersuperswag","id":"1","3":"1"}
GET:  {"usr":"mv_ubersuperswag_10"}
POST: []
********************************************
DATE: 10-07-14 2014 10:50:45 AM UTC
IP:   98.252.193.208
AUTH: {"0":"mv_ubersuperswag_10","auth":"mv","1":"mv","hash":"ubersuperswag","2":"ubersuperswag","id":"10","3":"10"}
GET:  {"auth":"mv_ubersuperswag_10"}
POST: []
********************************************
DATE: 10-07-14 2014 10:52:00 AM UTC
IP:   50.22.11.20
AUTH: {"0":"mv_ubersuperswag_11","auth":"mv","1":"mv","hash":"ubersuperswag","2":"ubersuperswag","id":"11","3":"11"}
GET:  {"auth":"mv_ubersuperswag_11"}
POST: []
********************************************
DATE: 10-07-14 2014 10:52:47 AM UTC
IP:   209.59.143.11
AUTH: {"0":"mv_ubersuperswag_12","auth":"mv","1":"mv","hash":"ubersuperswag","2":"ubersuperswag","id":"12","3":"12"}
GET:  {"auth":"mv_ubersuperswag_12"}
POST: []
********************************************
DATE: 10-07-14 2014 10:53:01 AM UTC
IP:   192.99.101.31
AUTH: {"0":"mv_ubersuperswag_13","auth":"mv","1":"mv","hash":"ubersuperswag","2":"ubersuperswag","id":"13","3":"13"}
GET:  {"auth":"","p_resp":"mv_ubersuperswag_13"}
POST: []
********************************************
DATE: 10-07-14 2014 10:53:34 AM UTC
IP:   54.234.229.137
AUTH: {"0":"mv_ubersuperswag_14","auth":"mv","1":"mv","hash":"ubersuperswag","2":"ubersuperswag","id":"14","3":"14"}
GET:  {"auth":"mv_ubersuperswag_14"}
POST: []
********************************************
DATE: 10-07-14 2014 11:09:34 AM UTC
IP:   98.252.193.208
AUTH: false
GET:  {"auth":"mv,ubersuperswag,1"}
POST: []
********************************************
DATE: 10-07-14 2014 11:09:36 AM UTC
IP:   98.252.193.208
AUTH: {"0":"mv_ubersuperswag_15","auth":"mv","1":"mv","hash":"ubersuperswag","2":"ubersuperswag","id":"15","3":"15"}
GET:  {"auth":"mv_ubersuperswag_15"}
POST: []
********************************************
DATE: 10-07-14 2014 12:13:26 PM UTC
IP:   69.65.40.220
AUTH: {"0":"mv_ubersuperswag_16","auth":"mv","1":"mv","hash":"ubersuperswag","2":"ubersuperswag","id":"16","3":"16"}
GET:  {"usr":"mv_ubersuperswag_16"}
POST: []
********************************************
DATE: 10-07-14 2014 02:48:55 PM UTC
IP:   204.236.235.245
AUTH: false
GET:  []
POST: []
********************************************
DATE: 10-08-14 2014 10:46:01 AM UTC
IP:   69.65.40.220
AUTH: {"0":"mv_ubersuperswag_1","auth":"mv","1":"mv","hash":"ubersuperswag","2":"ubersuperswag","id":"1","3":"1"}
GET:  {"usr":"mv_ubersuperswag_1"}
POST: []
********************************************
DATE: 10-08-14 2014 10:46:58 AM UTC
IP:   192.99.101.31
AUTH: {"0":"mv_ubersuperswag_4","auth":"mv","1":"mv","hash":"ubersuperswag","2":"ubersuperswag","id":"4","3":"4"}
GET:  {"auth":"","p_resp":"mv_ubersuperswag_4"}
POST: []
********************************************
DATE: 10-08-14 2014 10:47:26 AM UTC
IP:   50.22.11.20
AUTH: {"0":"mv_ubersuperswag_3","auth":"mv","1":"mv","hash":"ubersuperswag","2":"ubersuperswag","id":"3","3":"3"}
GET:  {"auth":"mv_ubersuperswag_3"}
POST: []
********************************************
DATE: 10-08-14 2014 10:47:55 AM UTC
IP:   209.59.143.11
AUTH: {"0":"mv_ubersuperswag_5","auth":"mv","1":"mv","hash":"ubersuperswag","2":"ubersuperswag","id":"5","3":"5"}
GET:  {"auth":"mv_ubersuperswag_5"}
POST: []
********************************************
DATE: 10-08-14 2014 10:48:10 AM UTC
IP:   54.161.162.130
AUTH: {"0":"mv_ubersuperswag_6","auth":"mv","1":"mv","hash":"ubersuperswag","2":"ubersuperswag","id":"6","3":"6"}
GET:  {"auth":"mv_ubersuperswag_6"}
POST: []
********************************************
DATE: 10-09-14 2014 11:59:15 AM UTC
IP:   69.65.40.220
AUTH: {"0":"mv_ubersuperswag_1","auth":"mv","1":"mv","hash":"ubersuperswag","2":"ubersuperswag","id":"1","3":"1"}
GET:  {"usr":"mv_ubersuperswag_1"}
POST: []
********************************************
DATE: 10-09-14 2014 05:00:13 PM UTC
IP:   50.22.11.20
AUTH: {"0":"mv_ubersuperswag_2","auth":"mv","1":"mv","hash":"ubersuperswag","2":"ubersuperswag","id":"2","3":"2"}
GET:  {"auth":"mv_ubersuperswag_2"}
POST: []
********************************************
DATE: 10-11-14 2014 03:09:44 AM UTC
IP:   69.65.40.220
AUTH: {"0":"mv_ubersuperswag_3","auth":"mv","1":"mv","hash":"ubersuperswag","2":"ubersuperswag","id":"3","3":"3"}
GET:  {"usr":"mv_ubersuperswag_3"}
POST: []
********************************************
DATE: 10-12-14 2014 12:30:36 AM UTC
IP:   209.59.143.11
AUTH: {"0":"mv_ubersuperswag_5","auth":"mv","1":"mv","hash":"ubersuperswag","2":"ubersuperswag","id":"5","3":"5"}
GET:  {"auth":"mv_ubersuperswag_5"}
POST: []
********************************************
DATE: 10-12-14 2014 12:44:27 AM UTC
IP:   192.99.101.31
AUTH: {"0":"mv_ubersuperswag_6","auth":"mv","1":"mv","hash":"ubersuperswag","2":"ubersuperswag","id":"6","3":"6"}
GET:  {"auth":"","p_resp":"mv_ubersuperswag_6"}
POST: []
********************************************
DATE: 10-12-14 2014 12:44:38 AM UTC
IP:   54.91.235.168
AUTH: {"0":"mv_ubersuperswag_7","auth":"mv","1":"mv","hash":"ubersuperswag","2":"ubersuperswag","id":"7","3":"7"}
GET:  {"auth":"mv_ubersuperswag_7"}
POST: []
********************************************
DATE: 10-12-14 2014 12:45:00 AM UTC
IP:   98.252.193.208
AUTH: {"0":"mv_ubersuperswag_8","auth":"mv","1":"mv","hash":"ubersuperswag","2":"ubersuperswag","id":"8","3":"8"}
GET:  {"auth":"mv_ubersuperswag_8"}
POST: []
********************************************
DATE: 10-13-14 2014 02:41:48 AM UTC
IP:   192.99.101.31
AUTH: {"0":"mv_ubersuperswag_9","auth":"mv","1":"mv","hash":"ubersuperswag","2":"ubersuperswag","id":"9","3":"9"}
GET:  {"auth":"","p_resp":"mv_ubersuperswag_9"}
POST: []
********************************************
DATE: 10-13-14 2014 02:41:52 AM UTC
IP:   54.226.125.68
AUTH: {"0":"mv_ubersuperswag_8","auth":"mv","1":"mv","hash":"ubersuperswag","2":"ubersuperswag","id":"8","3":"8"}
GET:  {"auth":"mv_ubersuperswag_8"}
POST: []
********************************************
DATE: 10-13-14 2014 02:42:04 AM UTC
IP:   69.65.40.220
AUTH: {"0":"mv_ubersuperswag_7","auth":"mv","1":"mv","hash":"ubersuperswag","2":"ubersuperswag","id":"7","3":"7"}
GET:  {"usr":"mv_ubersuperswag_7"}
POST: []
********************************************
DATE: 10-13-14 2014 02:42:12 AM UTC
IP:   209.59.143.11
AUTH: {"0":"mv_ubersuperswag_6","auth":"mv","1":"mv","hash":"ubersuperswag","2":"ubersuperswag","id":"6","3":"6"}
GET:  {"auth":"mv_ubersuperswag_6"}
POST: []
********************************************
DATE: 10-13-14 2014 02:42:23 AM UTC
IP:   50.22.11.20
AUTH: {"0":"mv_ubersuperswag_5","auth":"mv","1":"mv","hash":"ubersuperswag","2":"ubersuperswag","id":"5","3":"5"}
GET:  {"auth":"mv_ubersuperswag_5"}
POST: []
********************************************
DATE: 10-13-14 2014 02:43:33 AM UTC
IP:   209.59.143.11
AUTH: {"0":"mv_ubersuperswag_15","auth":"mv","1":"mv","hash":"ubersuperswag","2":"ubersuperswag","id":"15","3":"15"}
GET:  {"auth":"mv_ubersuperswag_15"}
POST: []
********************************************
DATE: 10-13-14 2014 02:43:45 AM UTC
IP:   192.99.101.31
AUTH: {"0":"mv_ubersuperswag_19","auth":"mv","1":"mv","hash":"ubersuperswag","2":"ubersuperswag","id":"19","3":"19"}
GET:  {"auth":"","p_resp":"mv_ubersuperswag_19"}
POST: []
********************************************
DATE: 10-13-14 2014 02:44:11 AM UTC
IP:   54.226.125.68
AUTH: {"0":"mv_ubersuperswag_20","auth":"mv","1":"mv","hash":"ubersuperswag","2":"ubersuperswag","id":"20","3":"20"}
GET:  {"auth":"mv_ubersuperswag_20"}
POST: []
********************************************
DATE: 10-13-14 2014 02:55:03 AM UTC
IP:   69.65.40.220
AUTH: {"0":"mv_ubersuperswag_22","auth":"mv","1":"mv","hash":"ubersuperswag","2":"ubersuperswag","id":"22","3":"22"}
GET:  {"usr":"mv_ubersuperswag_22"}
POST: []
********************************************
DATE: 10-13-14 2014 05:28:50 AM UTC
IP:   209.59.143.11
AUTH: {"0":"mv_ubersuperswag_26","auth":"mv","1":"mv","hash":"ubersuperswag","2":"ubersuperswag","id":"26","3":"26"}
GET:  {"auth":"mv_ubersuperswag_26"}
POST: []
********************************************
DATE: 10-13-14 2014 05:29:04 AM UTC
IP:   192.99.101.31
AUTH: {"0":"mv_ubersuperswag_27","auth":"mv","1":"mv","hash":"ubersuperswag","2":"ubersuperswag","id":"27","3":"27"}
GET:  {"auth":"","p_resp":"mv_ubersuperswag_27"}
POST: []
********************************************
DATE: 10-13-14 2014 05:29:43 AM UTC
IP:   54.226.125.68
AUTH: {"0":"mv_ubersuperswag_28","auth":"mv","1":"mv","hash":"ubersuperswag","2":"ubersuperswag","id":"28","3":"28"}
GET:  {"auth":"mv_ubersuperswag_28"}
POST: []
********************************************
DATE: 10-13-14 2014 05:31:36 AM UTC
IP:   69.65.40.220
AUTH: {"0":"mv_ubersuperswag_29","auth":"mv","1":"mv","hash":"ubersuperswag","2":"ubersuperswag","id":"29","3":"29"}
GET:  {"usr":"mv_ubersuperswag_29"}
POST: []
********************************************
DATE: 10-13-14 2014 09:45:08 AM UTC
IP:   69.65.40.220
AUTH: {"0":"mv_ubersuperswag_35","auth":"mv","1":"mv","hash":"ubersuperswag","2":"ubersuperswag","id":"35","3":"35"}
GET:  {"usr":"mv_ubersuperswag_35"}
POST: []
********************************************
DATE: 10-13-14 2014 09:45:50 AM UTC
IP:   54.226.125.68
AUTH: {"0":"mv_ubersuperswag_34","auth":"mv","1":"mv","hash":"ubersuperswag","2":"ubersuperswag","id":"34","3":"34"}
GET:  {"auth":"mv_ubersuperswag_34"}
POST: []
********************************************
DATE: 10-13-14 2014 09:46:06 AM UTC
IP:   192.99.101.31
AUTH: {"0":"mv_ubersuperswag_33","auth":"mv","1":"mv","hash":"ubersuperswag","2":"ubersuperswag","id":"33","3":"33"}
GET:  {"auth":"","p_resp":"mv_ubersuperswag_33"}
POST: []
********************************************
DATE: 10-13-14 2014 09:46:12 AM UTC
IP:   209.59.143.11
AUTH: {"0":"mv_ubersuperswag_32","auth":"mv","1":"mv","hash":"ubersuperswag","2":"ubersuperswag","id":"32","3":"32"}
GET:  {"auth":"mv_ubersuperswag_32"}
POST: []
********************************************
DATE: 10-13-14 2014 12:04:23 PM UTC
IP:   69.65.40.220
AUTH: {"0":"mv_ubersuperswag_36","auth":"mv","1":"mv","hash":"ubersuperswag","2":"ubersuperswag","id":"36","3":"36"}
GET:  {"usr":"mv_ubersuperswag_36"}
POST: []
********************************************
DATE: 10-13-14 2014 12:40:28 PM UTC
IP:   192.99.101.31
AUTH: {"0":"mv_ubersuperswag_40","auth":"mv","1":"mv","hash":"ubersuperswag","2":"ubersuperswag","id":"40","3":"40"}
GET:  {"auth":"","p_resp":"mv_ubersuperswag_40"}
POST: []
********************************************
DATE: 10-13-14 2014 12:40:29 PM UTC
IP:   209.59.143.11
AUTH: {"0":"mv_ubersuperswag_39","auth":"mv","1":"mv","hash":"ubersuperswag","2":"ubersuperswag","id":"39","3":"39"}
GET:  {"auth":"mv_ubersuperswag_39"}
POST: []
********************************************
DATE: 10-13-14 2014 12:40:29 PM UTC
IP:   54.226.125.68
AUTH: {"0":"mv_ubersuperswag_41","auth":"mv","1":"mv","hash":"ubersuperswag","2":"ubersuperswag","id":"41","3":"41"}
GET:  {"auth":"mv_ubersuperswag_41"}
POST: []
********************************************
DATE: 10-14-14 2014 05:47:24 AM UTC
IP:   209.59.143.11
AUTH: {"0":"mv_ubersuperswag_51","auth":"mv","1":"mv","hash":"ubersuperswag","2":"ubersuperswag","id":"51","3":"51"}
GET:  {"auth":"mv_ubersuperswag_51"}
POST: []
********************************************
DATE: 10-14-14 2014 05:47:47 AM UTC
IP:   192.99.101.31
AUTH: {"0":"mv_ubersuperswag_52","auth":"mv","1":"mv","hash":"ubersuperswag","2":"ubersuperswag","id":"52","3":"52"}
GET:  {"auth":"","p_resp":"mv_ubersuperswag_52"}
POST: []
********************************************
DATE: 10-14-14 2014 05:48:16 AM UTC
IP:   54.81.48.71
AUTH: {"0":"mv_ubersuperswag_53","auth":"mv","1":"mv","hash":"ubersuperswag","2":"ubersuperswag","id":"53","3":"53"}
GET:  {"auth":"mv_ubersuperswag_53"}
POST: []
********************************************
DATE: 10-14-14 2014 05:48:38 AM UTC
IP:   69.65.40.220
AUTH: {"0":"mv_ubersuperswag_54","auth":"mv","1":"mv","hash":"ubersuperswag","2":"ubersuperswag","id":"54","3":"54"}
GET:  {"usr":"mv_ubersuperswag_54"}
POST: []
********************************************
DATE: 10-14-14 2014 12:51:03 PM UTC
IP:   209.59.143.11
AUTH: {"0":"mv_ubersuperswag_57","auth":"mv","1":"mv","hash":"ubersuperswag","2":"ubersuperswag","id":"57","3":"57"}
GET:  {"auth":"mv_ubersuperswag_57"}
POST: []
********************************************
DATE: 10-14-14 2014 02:03:07 PM UTC
IP:   209.59.143.11
AUTH: {"0":"mv_ubersuperswag_62","auth":"mv","1":"mv","hash":"ubersuperswag","2":"ubersuperswag","id":"62","3":"62"}
GET:  {"auth":"mv_ubersuperswag_62"}
POST: []
********************************************
DATE: 10-14-14 2014 02:03:21 PM UTC
IP:   192.99.101.31
AUTH: {"0":"mv_ubersuperswag_63","auth":"mv","1":"mv","hash":"ubersuperswag","2":"ubersuperswag","id":"63","3":"63"}
GET:  {"auth":"","p_resp":"mv_ubersuperswag_63"}
POST: []
********************************************
DATE: 10-14-14 2014 02:03:41 PM UTC
IP:   54.81.48.71
AUTH: {"0":"mv_ubersuperswag_64","auth":"mv","1":"mv","hash":"ubersuperswag","2":"ubersuperswag","id":"64","3":"64"}
GET:  {"auth":"mv_ubersuperswag_64"}
POST: []
********************************************
DATE: 10-14-14 2014 02:03:59 PM UTC
IP:   69.65.40.220
AUTH: {"0":"mv_ubersuperswag_65","auth":"mv","1":"mv","hash":"ubersuperswag","2":"ubersuperswag","id":"65","3":"65"}
GET:  {"usr":"mv_ubersuperswag_65"}
POST: []
********************************************
DATE: 10-15-14 2014 02:07:46 AM UTC
IP:   209.59.143.11
AUTH: {"0":"mv_ubersuperswag_69","auth":"mv","1":"mv","hash":"ubersuperswag","2":"ubersuperswag","id":"69","3":"69"}
GET:  {"auth":"mv_ubersuperswag_69"}
POST: []
********************************************
DATE: 10-15-14 2014 02:08:05 AM UTC
IP:   69.65.40.220
AUTH: {"0":"mv_ubersuperswag_70","auth":"mv","1":"mv","hash":"ubersuperswag","2":"ubersuperswag","id":"70","3":"70"}
GET:  {"usr":"mv_ubersuperswag_70"}
POST: []
********************************************
DATE: 10-15-14 2014 02:08:22 AM UTC
IP:   54.167.151.235
AUTH: {"0":"mv_ubersuperswag_71","auth":"mv","1":"mv","hash":"ubersuperswag","2":"ubersuperswag","id":"71","3":"71"}
GET:  {"auth":"mv_ubersuperswag_71"}
POST: []
********************************************
DATE: 10-15-14 2014 03:19:15 AM UTC
IP:   69.65.40.220
AUTH: {"0":"mv_ubersuperswag_7","auth":"mv","1":"mv","hash":"ubersuperswag","2":"ubersuperswag","id":"7","3":"7"}
GET:  {"usr":"mv_ubersuperswag_7"}
POST: []
********************************************
DATE: 10-15-14 2014 05:50:05 AM UTC
IP:   209.59.143.11
AUTH: {"0":"mv_ubersuperswag_51","auth":"mv","1":"mv","hash":"ubersuperswag","2":"ubersuperswag","id":"51","3":"51"}
GET:  {"auth":"mv_ubersuperswag_51"}
POST: []
********************************************
DATE: 10-15-14 2014 05:50:37 AM UTC
IP:   192.99.101.31
AUTH: {"0":"mv_ubersuperswag_52","auth":"mv","1":"mv","hash":"ubersuperswag","2":"ubersuperswag","id":"52","3":"52"}
GET:  {"auth":"","p_resp":"mv_ubersuperswag_52"}
POST: []
********************************************
DATE: 10-15-14 2014 05:50:54 AM UTC
IP:   54.167.151.235
AUTH: {"0":"mv_ubersuperswag_53","auth":"mv","1":"mv","hash":"ubersuperswag","2":"ubersuperswag","id":"53","3":"53"}
GET:  {"auth":"mv_ubersuperswag_53"}
POST: []
********************************************
DATE: 10-15-14 2014 05:51:19 AM UTC
IP:   69.65.40.220
AUTH: {"0":"mv_ubersuperswag_54","auth":"mv","1":"mv","hash":"ubersuperswag","2":"ubersuperswag","id":"54","3":"54"}
GET:  {"usr":"mv_ubersuperswag_54"}
POST: []
********************************************
DATE: 10-15-14 2014 09:51:30 PM UTC
IP:   209.59.143.11
AUTH: {"0":"mv_ubersuperswag_76","auth":"mv","1":"mv","hash":"ubersuperswag","2":"ubersuperswag","id":"76","3":"76"}
GET:  {"auth":"mv_ubersuperswag_76"}
POST: []
********************************************
DATE: 10-15-14 2014 09:51:36 PM UTC
IP:   209.59.143.11
AUTH: {"0":"mv_ubersuperswag_77","auth":"mv","1":"mv","hash":"ubersuperswag","2":"ubersuperswag","id":"77","3":"77"}
GET:  {"auth":"mv_ubersuperswag_77"}
POST: []
********************************************
DATE: 10-15-14 2014 09:52:02 PM UTC
IP:   192.99.101.31
AUTH: {"0":"mv_ubersuperswag_79","auth":"mv","1":"mv","hash":"ubersuperswag","2":"ubersuperswag","id":"79","3":"79"}
GET:  {"auth":"","p_resp":"mv_ubersuperswag_79"}
POST: []
********************************************
DATE: 10-15-14 2014 09:52:58 PM UTC
IP:   54.167.151.235
AUTH: {"0":"mv_ubersuperswag_80","auth":"mv","1":"mv","hash":"ubersuperswag","2":"ubersuperswag","id":"80","3":"80"}
GET:  {"auth":"mv_ubersuperswag_80"}
POST: []
********************************************
DATE: 10-25-14 2014 03:14:39 PM UTC
IP:   209.59.143.11
AUTH: {"0":"mv_ubersuperswag_84","auth":"mv","1":"mv","hash":"ubersuperswag","2":"ubersuperswag","id":"84","3":"84"}
GET:  {"auth":"mv_ubersuperswag_84"}
POST: []
********************************************
DATE: 10-25-14 2014 03:15:03 PM UTC
IP:   192.99.101.31
AUTH: {"0":"mv_ubersuperswag_85","auth":"mv","1":"mv","hash":"ubersuperswag","2":"ubersuperswag","id":"85","3":"85"}
GET:  {"auth":"","p_resp":"mv_ubersuperswag_85"}
POST: []
********************************************
DATE: 10-25-14 2014 03:15:24 PM UTC
IP:   54.92.249.55
AUTH: {"0":"mv_ubersuperswag_86","auth":"mv","1":"mv","hash":"ubersuperswag","2":"ubersuperswag","id":"86","3":"86"}
GET:  {"auth":"mv_ubersuperswag_86"}
POST: []
********************************************
DATE: 10-25-14 2014 03:15:38 PM UTC
IP:   69.65.40.220
AUTH: {"0":"mv_ubersuperswag_87","auth":"mv","1":"mv","hash":"ubersuperswag","2":"ubersuperswag","id":"87","3":"87"}
GET:  {"usr":"mv_ubersuperswag_87"}
POST: []
********************************************
DATE: 10-25-14 2014 03:19:04 PM UTC
IP:   192.99.101.31
AUTH: {"0":"mv_ubersuperswag_85","auth":"mv","1":"mv","hash":"ubersuperswag","2":"ubersuperswag","id":"85","3":"85"}
GET:  {"auth":"","p_resp":"mv_ubersuperswag_85"}
POST: []
********************************************
DATE: 10-25-14 2014 03:20:17 PM UTC
IP:   69.65.40.220
AUTH: {"0":"mv_ubersuperswag_87","auth":"mv","1":"mv","hash":"ubersuperswag","2":"ubersuperswag","id":"87","3":"87"}
GET:  {"usr":"mv_ubersuperswag_87"}
POST: []
********************************************
DATE: 10-25-14 2014 04:53:19 PM UTC
IP:   209.59.143.11
AUTH: {"0":"mv_ubersuperswag_90","auth":"mv","1":"mv","hash":"ubersuperswag","2":"ubersuperswag","id":"90","3":"90"}
GET:  {"auth":"mv_ubersuperswag_90"}
POST: []
********************************************
DATE: 10-25-14 2014 04:53:51 PM UTC
IP:   192.99.101.31
AUTH: {"0":"mv_ubersuperswag_91","auth":"mv","1":"mv","hash":"ubersuperswag","2":"ubersuperswag","id":"91","3":"91"}
GET:  {"auth":"","p_resp":"mv_ubersuperswag_91"}
POST: []
********************************************
DATE: 10-25-14 2014 04:54:21 PM UTC
IP:   69.65.40.220
AUTH: {"0":"mv_ubersuperswag_93","auth":"mv","1":"mv","hash":"ubersuperswag","2":"ubersuperswag","id":"93","3":"93"}
GET:  {"usr":"mv_ubersuperswag_93"}
POST: []
********************************************
DATE: 10-25-14 2014 07:49:32 PM UTC
IP:   209.59.143.11
AUTH: {"0":"mv_ubersuperswag_97","auth":"mv","1":"mv","hash":"ubersuperswag","2":"ubersuperswag","id":"97","3":"97"}
GET:  {"auth":"mv_ubersuperswag_97"}
POST: []
********************************************
DATE: 10-25-14 2014 07:49:55 PM UTC
IP:   192.99.101.31
AUTH: {"0":"mv_ubersuperswag_98","auth":"mv","1":"mv","hash":"ubersuperswag","2":"ubersuperswag","id":"98","3":"98"}
GET:  {"auth":"","p_resp":"mv_ubersuperswag_98"}
POST: []
********************************************
DATE: 10-25-14 2014 07:50:15 PM UTC
IP:   54.166.240.144
AUTH: {"0":"mv_ubersuperswag_99","auth":"mv","1":"mv","hash":"ubersuperswag","2":"ubersuperswag","id":"99","3":"99"}
GET:  {"auth":"mv_ubersuperswag_99"}
POST: []
********************************************
DATE: 10-25-14 2014 10:37:44 PM UTC
IP:   69.65.40.220
AUTH: {"0":"mv_ubersuperswag_105","auth":"mv","1":"mv","hash":"ubersuperswag","2":"ubersuperswag","id":"105","3":"105"}
GET:  {"usr":"mv_ubersuperswag_105"}
POST: []
********************************************
DATE: 10-26-14 2014 08:18:02 AM UTC
IP:   209.59.143.11
AUTH: {"0":"mv_ubersuperswag_115","auth":"mv","1":"mv","hash":"ubersuperswag","2":"ubersuperswag","id":"115","3":"115"}
GET:  {"auth":"mv_ubersuperswag_115"}
POST: []
********************************************
DATE: 10-26-14 2014 08:18:10 AM UTC
IP:   192.99.101.31
AUTH: {"0":"mv_ubersuperswag_116","auth":"mv","1":"mv","hash":"ubersuperswag","2":"ubersuperswag","id":"116","3":"116"}
GET:  {"auth":"","p_resp":"mv_ubersuperswag_116"}
POST: []
********************************************
DATE: 10-26-14 2014 08:18:22 AM UTC
IP:   54.166.240.144
AUTH: {"0":"mv_ubersuperswag_117","auth":"mv","1":"mv","hash":"ubersuperswag","2":"ubersuperswag","id":"117","3":"117"}
GET:  {"auth":"mv_ubersuperswag_117"}
POST: []
********************************************
DATE: 10-26-14 2014 08:18:35 AM UTC
IP:   69.65.40.220
AUTH: {"0":"mv_ubersuperswag_118","auth":"mv","1":"mv","hash":"ubersuperswag","2":"ubersuperswag","id":"118","3":"118"}
GET:  {"usr":"mv_ubersuperswag_118"}
POST: []
********************************************
DATE: 10-26-14 2014 05:53:28 PM UTC
IP:   192.99.101.31
AUTH: {"0":"mv_ubersuperswag_122","auth":"mv","1":"mv","hash":"ubersuperswag","2":"ubersuperswag","id":"122","3":"122"}
GET:  {"auth":"","p_resp":"mv_ubersuperswag_122"}
POST: []
********************************************
DATE: 10-26-14 2014 05:53:30 PM UTC
IP:   54.163.66.45
AUTH: {"0":"mv_ubersuperswag_123","auth":"mv","1":"mv","hash":"ubersuperswag","2":"ubersuperswag","id":"123","3":"123"}
GET:  {"auth":"mv_ubersuperswag_123"}
POST: []
********************************************
DATE: 10-26-14 2014 05:53:34 PM UTC
IP:   69.65.40.220
AUTH: {"0":"mv_ubersuperswag_124","auth":"mv","1":"mv","hash":"ubersuperswag","2":"ubersuperswag","id":"124","3":"124"}
GET:  {"usr":"mv_ubersuperswag_124"}
POST: []
********************************************
DATE: 10-26-14 2014 05:53:51 PM UTC
IP:   209.59.143.11
AUTH: {"0":"mv_ubersuperswag_121","auth":"mv","1":"mv","hash":"ubersuperswag","2":"ubersuperswag","id":"121","3":"121"}
GET:  {"auth":"mv_ubersuperswag_121"}
POST: []
********************************************
DATE: 10-28-14 2014 08:06:41 PM UTC
IP:   192.99.101.31
AUTH: {"0":"mv_ubersuperswag_98","auth":"mv","1":"mv","hash":"ubersuperswag","2":"ubersuperswag","id":"98","3":"98"}
GET:  {"auth":"","p_resp":"mv_ubersuperswag_98"}
POST: []
********************************************
DATE: 10-28-14 2014 08:07:19 PM UTC
IP:   54.221.189.173
AUTH: {"0":"mv_ubersuperswag_99","auth":"mv","1":"mv","hash":"ubersuperswag","2":"ubersuperswag","id":"99","3":"99"}
GET:  {"auth":"mv_ubersuperswag_99"}
POST: []
********************************************
DATE: 10-29-14 2014 11:26:54 PM UTC
IP:   209.59.143.11
AUTH: {"0":"mv_ubersuperswag_90","auth":"mv","1":"mv","hash":"ubersuperswag","2":"ubersuperswag","id":"90","3":"90"}
GET:  {"auth":"mv_ubersuperswag_90"}
POST: []
********************************************
DATE: 10-29-14 2014 11:27:14 PM UTC
IP:   192.99.101.31
AUTH: {"0":"mv_ubersuperswag_91","auth":"mv","1":"mv","hash":"ubersuperswag","2":"ubersuperswag","id":"91","3":"91"}
GET:  {"auth":"","p_resp":"mv_ubersuperswag_91"}
POST: []
********************************************
DATE: 10-29-14 2014 11:27:47 PM UTC
IP:   69.65.40.220
AUTH: {"0":"mv_ubersuperswag_93","auth":"mv","1":"mv","hash":"ubersuperswag","2":"ubersuperswag","id":"93","3":"93"}
GET:  {"usr":"mv_ubersuperswag_93"}
POST: []
********************************************
DATE: 10-29-14 2014 11:28:08 PM UTC
IP:   54.161.223.163
AUTH: {"0":"mv_ubersuperswag_92","auth":"mv","1":"mv","hash":"ubersuperswag","2":"ubersuperswag","id":"92","3":"92"}
GET:  {"auth":"mv_ubersuperswag_92"}
POST: []
********************************************
DATE: 11-06-14 2014 09:17:41 PM America/New_York
IP:   212.1.208.107
AUTH: {"0":"?callback=mv_ubersuperswag_7","auth":"mv","1":"mv","hash":"ubersuperswag","2":"ubersuperswag","id":"7","3":"7"}
GET:  {"cb":"?callback=mv_ubersuperswag_7"}
POST: []
********************************************
DATE: 11-08-14 2014 08:06:30 AM America/New_York
IP:   192.99.101.31
AUTH: {"0":"mv_ubersuperswag_157","auth":"mv","1":"mv","hash":"ubersuperswag","2":"ubersuperswag","id":"157","3":"157"}
GET:  {"auth":"","p_resp":"mv_ubersuperswag_157"}
POST: []
********************************************
DATE: 11-08-14 2014 08:07:40 AM America/New_York
IP:   209.59.143.11
AUTH: {"0":"mv_ubersuperswag_160","auth":"mv","1":"mv","hash":"ubersuperswag","2":"ubersuperswag","id":"160","3":"160"}
GET:  {"auth":"mv_ubersuperswag_160"}
POST: []
********************************************
DATE: 11-08-14 2014 08:07:48 AM America/New_York
IP:   69.65.40.220
AUTH: {"0":"mv_ubersuperswag_161","auth":"mv","1":"mv","hash":"ubersuperswag","2":"ubersuperswag","id":"161","3":"161"}
GET:  {"usr":"mv_ubersuperswag_161"}
POST: []
********************************************
DATE: 11-08-14 2014 08:08:06 AM America/New_York
IP:   54.92.159.202
AUTH: {"0":"mv_ubersuperswag_159","auth":"mv","1":"mv","hash":"ubersuperswag","2":"ubersuperswag","id":"159","3":"159"}
GET:  {"auth":"mv_ubersuperswag_159"}
POST: []
********************************************
DATE: 11-11-14 2014 08:58:16 AM America/New_York
IP:   209.59.143.11
AUTH: {"0":"mv_ubersuperswag_164","auth":"mv","1":"mv","hash":"ubersuperswag","2":"ubersuperswag","id":"164","3":"164"}
GET:  {"auth":"mv_ubersuperswag_164"}
POST: []
********************************************
DATE: 11-11-14 2014 08:58:41 AM America/New_York
IP:   192.99.101.31
AUTH: {"0":"mv_ubersuperswag_165","auth":"mv","1":"mv","hash":"ubersuperswag","2":"ubersuperswag","id":"165","3":"165"}
GET:  {"auth":"","p_resp":"mv_ubersuperswag_165"}
POST: []
********************************************
DATE: 11-13-14 2014 03:11:59 PM America/New_York
IP:   69.65.40.220
AUTH: {"0":"mv_ubersuperswag_172","auth":"mv","1":"mv","hash":"ubersuperswag","2":"ubersuperswag","id":"172","3":"172"}
GET:  {"usr":"mv_ubersuperswag_172"}
POST: []
********************************************
DATE: 11-13-14 2014 03:12:05 PM America/New_York
IP:   54.237.136.226
AUTH: {"0":"mv_ubersuperswag_171","auth":"mv","1":"mv","hash":"ubersuperswag","2":"ubersuperswag","id":"171","3":"171"}
GET:  {"auth":"mv_ubersuperswag_171"}
POST: []
********************************************
DATE: 11-13-14 2014 03:12:13 PM America/New_York
IP:   192.99.101.31
AUTH: {"0":"mv_ubersuperswag_170","auth":"mv","1":"mv","hash":"ubersuperswag","2":"ubersuperswag","id":"170","3":"170"}
GET:  {"auth":"","p_resp":"mv_ubersuperswag_170"}
POST: []
********************************************
DATE: 11-13-14 2014 03:12:15 PM America/New_York
IP:   209.59.143.11
AUTH: {"0":"mv_ubersuperswag_169","auth":"mv","1":"mv","hash":"ubersuperswag","2":"ubersuperswag","id":"169","3":"169"}
GET:  {"auth":"mv_ubersuperswag_169"}
POST: []
********************************************
DATE: 11-15-14 2014 10:15:51 PM America/New_York
IP:   212.1.208.107
AUTH: {"0":"?callback=mv_ubersuperswag_9","auth":"mv","1":"mv","hash":"ubersuperswag","2":"ubersuperswag","id":"9","3":"9"}
GET:  {"cb":"?callback=mv_ubersuperswag_9"}
POST: []
********************************************
DATE: 11-16-14 2014 04:16:20 PM America/New_York
IP:   89.248.161.155
AUTH: false
GET:  {"auth":""}
POST: []
********************************************
DATE: 11-17-14 2014 07:53:19 PM America/New_York
IP:   192.99.101.31
AUTH: {"0":"mv_07fdf6e3a4_2","auth":"mv","1":"mv","hash":"07fdf6e3a4","2":"07fdf6e3a4","id":"2","3":"2"}
GET:  {"auth":"","p_resp":"mv_07fdf6e3a4_2"}
POST: []
********************************************
DATE: 11-17-14 2014 09:26:50 PM America/New_York
IP:   50.22.11.20
AUTH: {"0":"mv_07fdf6e3a4_5","auth":"mv","1":"mv","hash":"07fdf6e3a4","2":"07fdf6e3a4","id":"5","3":"5"}
GET:  {"auth":"mv_07fdf6e3a4_5"}
POST: []
********************************************
DATE: 11-17-14 2014 09:27:48 PM America/New_York
IP:   192.99.101.31
AUTH: {"0":"mv_07fdf6e3a4_7","auth":"mv","1":"mv","hash":"07fdf6e3a4","2":"07fdf6e3a4","id":"7","3":"7"}
GET:  {"auth":"","p_resp":"mv_07fdf6e3a4_7"}
POST: []
********************************************
DATE: 11-17-14 2014 09:28:05 PM America/New_York
IP:   54.211.14.203
AUTH: {"0":"mv_07fdf6e3a4_8","auth":"mv","1":"mv","hash":"07fdf6e3a4","2":"07fdf6e3a4","id":"8","3":"8"}
GET:  {"auth":"mv_07fdf6e3a4_8"}
POST: []
********************************************
DATE: 11-17-14 2014 09:28:32 PM America/New_York
IP:   69.65.40.220
AUTH: {"0":"mv_07fdf6e3a4_9","auth":"mv","1":"mv","hash":"07fdf6e3a4","2":"07fdf6e3a4","id":"9","3":"9"}
GET:  {"usr":"mv_07fdf6e3a4_9"}
POST: []
********************************************
DATE: 11-22-14 2014 11:14:58 AM America/New_York
IP:   212.1.208.107
AUTH: {"0":"?callback=mv_07fdf6e3a4_1","auth":"mv","1":"mv","hash":"07fdf6e3a4","2":"07fdf6e3a4","id":"1","3":"1"}
GET:  {"i":"?callback=mv_07fdf6e3a4_1"}
POST: []
********************************************
DATE: 11-27-14 2014 04:07:40 PM America/New_York
IP:   212.1.208.107
AUTH: {"0":"mv_07fdf6e3a4_10","auth":"mv","1":"mv","hash":"07fdf6e3a4","2":"07fdf6e3a4","id":"10","3":"10"}
GET:  {"callback":"mv_07fdf6e3a4_10","incentive":"mv_07fdf6e3a4_10","cb":"mv_07fdf6e3a4_10","i":"mv_07fdf6e3a4_10","d":"mv_07fdf6e3a4_10"}
POST: []
********************************************
DATE: 12-07-14 2014 01:39:46 PM America/New_York
IP:   72.15.94.102
AUTH: {"0":"mv_07fdf6e3a4_11","auth":"mv","1":"mv","hash":"07fdf6e3a4","2":"07fdf6e3a4","id":"11","3":"11"}
GET:  {"callback":"mv_07fdf6e3a4_11","incentive":"mv_07fdf6e3a4_11","cb":"mv_07fdf6e3a4_11","i":"mv_07fdf6e3a4_11"}
POST: []
********************************************
DATE: 12-08-14 2014 06:38:35 PM America/New_York
IP:   192.99.101.31
AUTH: {"0":"mv_07fdf6e3a4_12","auth":"mv","1":"mv","hash":"07fdf6e3a4","2":"07fdf6e3a4","id":"12","3":"12"}
GET:  {"i":"","p_resp":"mv_07fdf6e3a4_12"}
POST: []
********************************************
DATE: 12-11-14 2014 07:38:30 PM America/New_York
IP:   199.96.156.76
AUTH: {"0":"mv_07fdf6e3a4_14","auth":"mv","1":"mv","hash":"07fdf6e3a4","2":"07fdf6e3a4","id":"14","3":"14"}
GET:  {"i":""}
POST: {"voted":"1","userid":"mv_07fdf6e3a4_14","at_refc":"dksajdasjdwuudsak"}
********************************************
DATE: 12-13-14 2014 09:53:37 PM America/New_York
IP:   173.245.54.224
AUTH: {"0":"mv_07fdf6e3a4_15","auth":"mv","1":"mv","hash":"07fdf6e3a4","2":"07fdf6e3a4","id":"15","3":"15"}
GET:  {"callback":"mv_07fdf6e3a4_15","incentive":"mv_07fdf6e3a4_15","cb":"mv_07fdf6e3a4_15","i":"mv_07fdf6e3a4_15"}
POST: []
********************************************
DATE: 12-13-14 2014 09:54:33 PM America/New_York
IP:   173.245.55.145
AUTH: {"0":"mv_07fdf6e3a4_16","auth":"mv","1":"mv","hash":"07fdf6e3a4","2":"07fdf6e3a4","id":"16","3":"16"}
GET:  {"i":"mv_07fdf6e3a4_16"}
POST: []
********************************************
DATE: 12-13-14 2014 09:58:21 PM America/New_York
IP:   173.245.55.192
AUTH: {"0":"mv_07fdf6e3a4_17","auth":"mv","1":"mv","hash":"07fdf6e3a4","2":"07fdf6e3a4","id":"17","3":"17"}
GET:  {"i":"mv_07fdf6e3a4_17"}
POST: []
********************************************
DATE: 12-13-14 2014 10:02:15 PM America/New_York
IP:   173.245.55.65
AUTH: {"0":"?usr=mv_07fdf6e3a4_20","auth":"mv","1":"mv","hash":"07fdf6e3a4","2":"07fdf6e3a4","id":"20","3":"20"}
GET:  {"i":"?usr=mv_07fdf6e3a4_20"}
POST: []
********************************************
DATE: 12-21-14 2014 06:07:49 AM America/New_York
IP:   212.1.208.97
AUTH: {"0":"mv_07fdf6e3a4_27","auth":"mv","1":"mv","hash":"07fdf6e3a4","2":"07fdf6e3a4","id":"27","3":"27"}
GET:  {"callback":"mv_07fdf6e3a4_27","incentive":"mv_07fdf6e3a4_27","cb":"mv_07fdf6e3a4_27","i":"mv_07fdf6e3a4_27"}
POST: []
********************************************
DATE: 12-21-14 2014 04:00:06 PM America/New_York
IP:   212.1.208.97
AUTH: {"0":"mv_07fdf6e3a4_1","auth":"mv","1":"mv","hash":"07fdf6e3a4","2":"07fdf6e3a4","id":"1","3":"1"}
GET:  {"callback":"mv_07fdf6e3a4_1","incentive":"mv_07fdf6e3a4_1","cb":"mv_07fdf6e3a4_1","i":"mv_07fdf6e3a4_1"}
POST: []
********************************************
DATE: 12-21-14 2014 04:04:00 PM America/New_York
IP:   2607:5300:101:0:0:0:0:765
AUTH: {"0":"mv_07fdf6e3a4_2","auth":"mv","1":"mv","hash":"07fdf6e3a4","2":"07fdf6e3a4","id":"2","3":"2"}
GET:  {"i":"mv_07fdf6e3a4_2"}
POST: []
********************************************
DATE: 12-21-14 2014 04:19:30 PM America/New_York
IP:   69.65.40.220
AUTH: {"0":"?usr=mv_07fdf6e3a4_5","auth":"mv","1":"mv","hash":"07fdf6e3a4","2":"07fdf6e3a4","id":"5","3":"5"}
GET:  {"i":"?usr=mv_07fdf6e3a4_5"}
POST: []
********************************************
DATE: 12-21-14 2014 04:19:40 PM America/New_York
IP:   209.59.143.11
AUTH: {"0":"mv_07fdf6e3a4_6","auth":"mv","1":"mv","hash":"07fdf6e3a4","2":"07fdf6e3a4","id":"6","3":"6"}
GET:  {"i":"mv_07fdf6e3a4_6"}
POST: []
********************************************
DATE: 12-21-14 2014 06:46:59 PM America/New_York
IP:   72.15.94.102
AUTH: {"0":"mv_07fdf6e3a4_8","auth":"mv","1":"mv","hash":"07fdf6e3a4","2":"07fdf6e3a4","id":"8","3":"8"}
GET:  {"asf":"mv_07fdf6e3a4_8"}
POST: []
********************************************
DATE: 12-21-14 2014 06:47:17 PM America/New_York
IP:   72.15.94.102
AUTH: {"0":"mv_07fdf6e3a4_8","auth":"mv","1":"mv","hash":"07fdf6e3a4","2":"07fdf6e3a4","id":"8","3":"8"}
GET:  {"asf":"mv_07fdf6e3a4_8"}
POST: []
********************************************
DATE: 12-21-14 2014 06:47:30 PM America/New_York
IP:   72.15.94.102
AUTH: {"0":"mv_07fdf6e3a4_3","auth":"mv","1":"mv","hash":"07fdf6e3a4","2":"07fdf6e3a4","id":"3","3":"3"}
GET:  {"asf":"mv_07fdf6e3a4_3"}
POST: []
********************************************
DATE: 12-21-14 2014 06:47:38 PM America/New_York
IP:   72.15.94.102
AUTH: {"0":"mv_07fdf6e3a4_4","auth":"mv","1":"mv","hash":"07fdf6e3a4","2":"07fdf6e3a4","id":"4","3":"4"}
GET:  {"asf":"mv_07fdf6e3a4_4"}
POST: []
********************************************
DATE: 12-21-14 2014 06:47:45 PM America/New_York
IP:   72.15.94.102
AUTH: {"0":"mv_07fdf6e3a4_5","auth":"mv","1":"mv","hash":"07fdf6e3a4","2":"07fdf6e3a4","id":"5","3":"5"}
GET:  {"asf":"mv_07fdf6e3a4_5"}
POST: []
********************************************
DATE: 12-21-14 2014 06:47:58 PM America/New_York
IP:   72.15.94.102
AUTH: {"0":"mv_07fdf6e3a4_7","auth":"mv","1":"mv","hash":"07fdf6e3a4","2":"07fdf6e3a4","id":"7","3":"7"}
GET:  {"asf":"mv_07fdf6e3a4_7"}
POST: []
********************************************
DATE: 12-21-14 2014 06:54:33 PM America/New_York
IP:   72.15.94.102
AUTH: {"0":"mv_07fdf6e3a4_8","auth":"mv","1":"mv","hash":"07fdf6e3a4","2":"07fdf6e3a4","id":"8","3":"8"}
GET:  {"asf":"mv_07fdf6e3a4_8"}
POST: []
********************************************
DATE: 12-31-14 2014 08:00:21 PM America/New_York
IP:   212.1.208.97
AUTH: {"0":"mv_07fdf6e3a4_9","auth":"mv","1":"mv","hash":"07fdf6e3a4","2":"07fdf6e3a4","id":"9","3":"9"}
GET:  {"callback":"mv_07fdf6e3a4_9","incentive":"mv_07fdf6e3a4_9","cb":"mv_07fdf6e3a4_9","i":"mv_07fdf6e3a4_9"}
POST: []
********************************************
DATE: 01-17-15 2015 08:10:44 PM America/New_York
IP:   209.59.143.11
AUTH: {"0":"mv_07fdf6e3a4_12","auth":"mv","1":"mv","hash":"07fdf6e3a4","2":"07fdf6e3a4","id":"12","3":"12"}
GET:  {"i":"mv_07fdf6e3a4_12"}
POST: []
********************************************
DATE: 01-17-15 2015 08:12:24 PM America/New_York
IP:   69.65.40.220
AUTH: {"0":"?usr=mv_07fdf6e3a4_15","auth":"mv","1":"mv","hash":"07fdf6e3a4","2":"07fdf6e3a4","id":"15","3":"15"}
GET:  {"i":"?usr=mv_07fdf6e3a4_15"}
POST: []
********************************************
